# JRE version: Java(TM) SE Runtime Environment (8.0_251-b08) (build 1.8.0_251-b08)
# Java VM: Java HotSpot(TM) 64-Bit Server VM (25.251-b08 mixed mode windows-amd64 compressed oops)
Heap:
 PSYoungGen      total 241664K, used 143360K [0x00000000eab00000, 0x0000000100000000, 0x0000000100000000)
  eden space 143360K, 100% used [0x00000000eab00000,0x00000000f3700000,0x00000000f3700000)
  from space 98304K, 0% used [0x00000000fa000000,0x00000000fa000000,0x0000000100000000)
  to   space 102912K, 0% used [0x00000000f3700000,0x00000000f3700000,0x00000000f9b80000)
 ParOldGen       total 699392K, used 699056K [0x00000000c0000000, 0x00000000eab00000, 0x00000000eab00000)
  object space 699392K, 99% used [0x00000000c0000000,0x00000000eaaac1c0,0x00000000eab00000)
 Metaspace       used 46377K, capacity 47018K, committed 47744K, reserved 1089536K
  class space    used 6357K, capacity 6620K, committed 6784K, reserved 1048576K
GC Heap History (10 events):
Event: 219.621 GC heap after
Heap after GC invocations=328 (full 290):
 PSYoungGen      total 241664K, used 143349K [0x00000000eab00000, 0x0000000100000000, 0x0000000100000000)
  eden space 143360K, 99% used [0x00000000eab00000,0x00000000f36fd718,0x00000000f3700000)
  from space 98304K, 0% used [0x00000000fa000000,0x00000000fa000000,0x0000000100000000)
  to   space 102912K, 0% used [0x00000000f3700000,0x00000000f3700000,0x00000000f9b80000)
 ParOldGen       total 699392K, used 699087K [0x00000000c0000000, 0x00000000eab00000, 0x00000000eab00000)
  object space 699392K, 99% used [0x00000000c0000000,0x00000000eaab3ff0,0x00000000eab00000)
 Metaspace       used 46377K, capacity 47018K, committed 47744K, reserved 1089536K
  class space    used 6357K, capacity 6620K, committed 6784K, reserved 1048576K
}
Event: 219.622 GC heap before
{Heap before GC invocations=329 (full 291):
 PSYoungGen      total 241664K, used 143360K [0x00000000eab00000, 0x0000000100000000, 0x0000000100000000)
  eden space 143360K, 100% used [0x00000000eab00000,0x00000000f3700000,0x00000000f3700000)
  from space 98304K, 0% used [0x00000000fa000000,0x00000000fa000000,0x0000000100000000)
  to   space 102912K, 0% used [0x00000000f3700000,0x00000000f3700000,0x00000000f9b80000)
 ParOldGen       total 699392K, used 699087K [0x00000000c0000000, 0x00000000eab00000, 0x00000000eab00000)
  object space 699392K, 99% used [0x00000000c0000000,0x00000000eaab3ff0,0x00000000eab00000)
 Metaspace       used 46377K, capacity 47018K, committed 47744K, reserved 1089536K
  class space    used 6357K, capacity 6620K, committed 6784K, reserved 1048576K
Event: 220.225 GC heap after
Heap after GC invocations=329 (full 291):
 PSYoungGen      total 241664K, used 143353K [0x00000000eab00000, 0x0000000100000000, 0x0000000100000000)
  eden space 143360K, 99% used [0x00000000eab00000,0x00000000f36fe720,0x00000000f3700000)
  from space 98304K, 0% used [0x00000000fa000000,0x00000000fa000000,0x0000000100000000)
  to   space 102912K, 0% used [0x00000000f3700000,0x00000000f3700000,0x00000000f9b80000)
 ParOldGen       total 699392K, used 699087K [0x00000000c0000000, 0x00000000eab00000, 0x00000000eab00000)
  object space 699392K, 99% used [0x00000000c0000000,0x00000000eaab3ff0,0x00000000eab00000)
 Metaspace       used 46377K, capacity 47018K, committed 47744K, reserved 1089536K
  class space    used 6357K, capacity 6620K, committed 6784K, reserved 1048576K
}
Event: 220.225 GC heap before
{Heap before GC invocations=330 (full 292):
 PSYoungGen      total 241664K, used 143360K [0x00000000eab00000, 0x0000000100000000, 0x0000000100000000)
  eden space 143360K, 100% used [0x00000000eab00000,0x00000000f3700000,0x00000000f3700000)
  from space 98304K, 0% used [0x00000000fa000000,0x00000000fa000000,0x0000000100000000)
  to   space 102912K, 0% used [0x00000000f3700000,0x00000000f3700000,0x00000000f9b80000)
 ParOldGen       total 699392K, used 699087K [0x00000000c0000000, 0x00000000eab00000, 0x00000000eab00000)
  object space 699392K, 99% used [0x00000000c0000000,0x00000000eaab3ff0,0x00000000eab00000)
 Metaspace       used 46377K, capacity 47018K, committed 47744K, reserved 1089536K
  class space    used 6357K, capacity 6620K, committed 6784K, reserved 1048576K
Event: 220.859 GC heap after
Heap after GC invocations=330 (full 292):
 PSYoungGen      total 241664K, used 143346K [0x00000000eab00000, 0x0000000100000000, 0x0000000100000000)
  eden space 143360K, 99% used [0x00000000eab00000,0x00000000f36fcbd8,0x00000000f3700000)
  from space 98304K, 0% used [0x00000000fa000000,0x00000000fa000000,0x0000000100000000)
  to   space 102912K, 0% used [0x00000000f3700000,0x00000000f3700000,0x00000000f9b80000)
 ParOldGen       total 699392K, used 699087K [0x00000000c0000000, 0x00000000eab00000, 0x00000000eab00000)
  object space 699392K, 99% used [0x00000000c0000000,0x00000000eaab3ff0,0x00000000eab00000)
 Metaspace       used 46377K, capacity 47018K, committed 47744K, reserved 1089536K
  class space    used 6357K, capacity 6620K, committed 6784K, reserved 1048576K
}
Event: 220.859 GC heap before
{Heap before GC invocations=331 (full 293):
 PSYoungGen      total 241664K, used 143360K [0x00000000eab00000, 0x0000000100000000, 0x0000000100000000)
  eden space 143360K, 100% used [0x00000000eab00000,0x00000000f3700000,0x00000000f3700000)
  from space 98304K, 0% used [0x00000000fa000000,0x00000000fa000000,0x0000000100000000)
  to   space 102912K, 0% used [0x00000000f3700000,0x00000000f3700000,0x00000000f9b80000)
 ParOldGen       total 699392K, used 699087K [0x00000000c0000000, 0x00000000eab00000, 0x00000000eab00000)
  object space 699392K, 99% used [0x00000000c0000000,0x00000000eaab3ff0,0x00000000eab00000)
 Metaspace       used 46377K, capacity 47018K, committed 47744K, reserved 1089536K
  class space    used 6357K, capacity 6620K, committed 6784K, reserved 1048576K
Event: 221.468 GC heap after
Heap after GC invocations=331 (full 293):
 PSYoungGen      total 241664K, used 143352K [0x00000000eab00000, 0x0000000100000000, 0x0000000100000000)
  eden space 143360K, 99% used [0x00000000eab00000,0x00000000f36fe0c0,0x00000000f3700000)
  from space 98304K, 0% used [0x00000000fa000000,0x00000000fa000000,0x0000000100000000)
  to   space 102912K, 0% used [0x00000000f3700000,0x00000000f3700000,0x00000000f9b80000)
 ParOldGen       total 699392K, used 699087K [0x00000000c0000000, 0x00000000eab00000, 0x00000000eab00000)
  object space 699392K, 99% used [0x00000000c0000000,0x00000000eaab3ff0,0x00000000eab00000)
 Metaspace       used 46377K, capacity 47018K, committed 47744K, reserved 1089536K
  class space    used 6357K, capacity 6620K, committed 6784K, reserved 1048576K
}
Event: 221.468 GC heap before
{Heap before GC invocations=332 (full 294):
 PSYoungGen      total 241664K, used 143360K [0x00000000eab00000, 0x0000000100000000, 0x0000000100000000)
  eden space 143360K, 100% used [0x00000000eab00000,0x00000000f3700000,0x00000000f3700000)
  from space 98304K, 0% used [0x00000000fa000000,0x00000000fa000000,0x0000000100000000)
  to   space 102912K, 0% used [0x00000000f3700000,0x00000000f3700000,0x00000000f9b80000)
 ParOldGen       total 699392K, used 699087K [0x00000000c0000000, 0x00000000eab00000, 0x00000000eab00000)
  object space 699392K, 99% used [0x00000000c0000000,0x00000000eaab3ff0,0x00000000eab00000)
 Metaspace       used 46377K, capacity 47018K, committed 47744K, reserved 1089536K
  class space    used 6357K, capacity 6620K, committed 6784K, reserved 1048576K
Event: 222.872 GC heap after
Heap after GC invocations=332 (full 294):
 PSYoungGen      total 241664K, used 143354K [0x00000000eab00000, 0x0000000100000000, 0x0000000100000000)
  eden space 143360K, 99% used [0x00000000eab00000,0x00000000f36fe978,0x00000000f3700000)
  from space 98304K, 0% used [0x00000000fa000000,0x00000000fa000000,0x0000000100000000)
  to   space 102912K, 0% used [0x00000000f3700000,0x00000000f3700000,0x00000000f9b80000)
 ParOldGen       total 699392K, used 699056K [0x00000000c0000000, 0x00000000eab00000, 0x00000000eab00000)
  object space 699392K, 99% used [0x00000000c0000000,0x00000000eaaac1c0,0x00000000eab00000)
 Metaspace       used 46377K, capacity 47018K, committed 47744K, reserved 1089536K
  class space    used 6357K, capacity 6620K, committed 6784K, reserved 1048576K
}
Event: 222.873 GC heap before
{Heap before GC invocations=333 (full 295):
 PSYoungGen      total 241664K, used 143360K [0x00000000eab00000, 0x0000000100000000, 0x0000000100000000)
  eden space 143360K, 100% used [0x00000000eab00000,0x00000000f3700000,0x00000000f3700000)
  from space 98304K, 0% used [0x00000000fa000000,0x00000000fa000000,0x0000000100000000)
  to   space 102912K, 0% used [0x00000000f3700000,0x00000000f3700000,0x00000000f9b80000)
 ParOldGen       total 699392K, used 699056K [0x00000000c0000000, 0x00000000eab00000, 0x00000000eab00000)
  object space 699392K, 99% used [0x00000000c0000000,0x00000000eaaac1c0,0x00000000eab00000)
 Metaspace       used 46377K, capacity 47018K, committed 47744K, reserved 1089536K
  class space    used 6357K, capacity 6620K, committed 6784K, reserved 1048576K

